000 000 9066 7912
000 001 8839 7513
000 002 9086 7464
000 003 9093 7481
000 004 9050 7471
000 005 8973 8251
001 000 8954 8497
001 001 8681 7458
001 002 8847 7707
001 003 8738 7427
001 004 8767 7865
001 005 8803 7045
001 006 8709 7182
002 000 9271 6937
002 001 8976 7687
002 002 9255 8782
002 003 9072 7746
002 004 9017 7786
002 005 9092 8011
002 006 9064 7868
002 007 8801 6992
003 000 9444 6954
003 001 9189 6745
003 002 9483 8540
003 003 9442 8348
003 004 9263 6750
003 005 9109 7887
003 006 9110 8033
003 007 8947 6438
003 008 8492 6017
004 000 9326 6946
004 001 9062 6725
004 002 9310 6931
004 003 9297 6826
004 004 9236 7012
004 005 8990 7806
004 006 8810 7569
004 007 8653 6635
004 008 8312 6324
004 009 8324 6447
005 000 9063 6890
005 001 8790 7441
005 002 9030 6706
005 003 9011 7637
005 004 8962 7968
005 005 8863 7357
005 006 8675 7970
005 007 8319 6573
005 008 8045 6408
005 009 8161 6104
005 010 8124 6909
006 001 8552 7638
006 002 8815 8019
006 003 8812 7789
006 004 8749 7658
006 005 8673 7652
006 006 8558 7600
006 007 8246 7294
006 008 7882 7224
006 009 8040 7095
006 010 8013 6904
006 011 8153 7052
007 002 8660 7705
007 003 8597 7592
007 004 8546 7412
007 005 8423 7320
007 006 8317 7353
007 007 8056 6152
007 008 7642 6911
007 009 7796 6744
007 010 7779 6789
007 011 7967 6927
007 012 8292 7171
008 003 8089 6867
008 004 8025 7069
008 005 7974 6843
008 006 7849 6651
008 007 7530 5665
008 008 7161 6137
008 009 7303 6174
008 010 7273 6314
008 011 7452 6469
008 012 7821 6734
008 013 7928 6689
009 004 7988 6424
009 005 7903 6573
009 006 7812 6926
009 007 7542 6243
009 008 7166 6452
009 009 7316 6376
009 010 7364 6441
009 011 7574 6682
009 012 7957 6921
009 013 8065 7016
009 014 7964 6457
010 005 8046 7233
010 006 7969 7076
010 007 7698 6586
010 008 7275 5873
010 009 7391 6333
010 010 7426 6417
010 011 7684 6847
010 012 8048 7279
010 013 8172 7663
010 014 8116 6891
010 015 8217 6809
011 006 8434 6846
011 007 8179 6556
011 008 7772 6026
011 009 7878 5581
011 010 7916 5856
011 011 8164 6506
011 012 8521 7257
011 013 8625 7011
011 014 8522 6266
011 015 8623 7939
011 016 8393 6569
012 007 8557 6379
012 008 8161 6111
012 009 8260 6509
012 010 8311 6340
012 011 8577 6618
012 012 8933 6489
012 013 9054 6717
012 014 8955 6967
012 015 9051 7010
012 016 8775 6423
012 017 8472 6381
013 008 8560 6243
013 009 8662 6407
013 010 8663 7062
013 011 8919 6652
013 012 9225 6711
013 013 9347 6510
013 014 9252 6860
013 015 9373 6914
013 016 9108 7137
013 017 8810 6453
013 018 8650 7357
014 009 8535 6403
014 010 8582 6567
014 011 8844 6831
014 012 9175 6684
014 013 9317 6697
014 014 9230 7212
014 015 9270 7151
014 016 8974 7330
014 017 8674 7345
014 018 8541 6515
014 019 8260 7082
015 010 8465 7457
015 011 8715 7773
015 012 9056 6356
015 013 9185 6823
015 014 9135 6168
015 015 9193 6058
015 016 8901 7460
015 017 8606 7029
015 018 8520 6468
015 019 8254 6311
015 020 8240 6189
016 011 8562 7077
016 012 8863 7482
016 013 8974 7360
016 014 8950 6450
016 015 8989 7529
016 016 8676 6305
016 017 8394 6529
016 018 8291 6220
016 019 8085 5978
016 020 8106 6048
016 021 8178 6858
017 012 8573 7565
017 013 8678 7233
017 014 8614 7119
017 015 8657 7322
017 016 8363 7092
017 017 8085 5857
017 018 8000 5808
017 019 7749 5817
017 020 7780 5592
017 021 7930 6680
017 022 7865 6900
018 013 8365 7151
018 014 8314 6834
018 015 8377 6887
018 016 8096 6751
018 017 7814 5821
018 018 7684 5985
018 019 7398 5571
018 020 7462 6257
018 021 7685 6202
018 022 7630 6544
018 023 8010 7126
019 014 8052 6632
019 015 8162 6909
019 016 7905 6560
019 017 7604 6453
019 018 7445 6535
019 019 7149 5246
019 020 7209 6268
019 021 7466 6513
019 022 7464 6595
019 023 7851 7321
019 024 7704 6468
020 015 8478 7506
020 016 8277 7269
020 017 7995 6497
020 018 7814 6527
020 019 7523 5844
020 020 7577 5024
020 021 7837 5695
020 022 7822 5333
020 023 8204 5062
020 024 8082 6693
020 025 7856 6735
021 016 8502 5805
021 017 8243 6594
021 018 8099 7328
021 019 7802 6664
021 020 7832 5513
021 021 8002 5791
021 022 7983 5743
021 023 8416 6219
021 024 8333 6630
021 025 8168 6612
021 026 8145 6472
022 017 8639 7106
022 018 8538 6728
022 019 8258 6763
022 020 8284 6783
022 021 8379 5945
022 022 8373 6477
022 023 8840 5076
022 024 8762 6304
022 025 8566 5936
022 026 8578 6527
022 027 8183 6142
023 018 8912 7553
023 019 8585 7351
023 020 8654 6739
023 021 8796 6619
023 022 8785 7148
023 023 9243 6601
023 024 9181 6356
023 025 8948 6273
023 026 8973 6761
023 027 8578 6834
023 028 8243 6653
024 019 8341 6866
024 020 8396 6762
024 021 8545 7363
024 022 8520 7142
024 023 8971 6714
024 024 8949 5912
024 025 8721 5506
024 026 8737 6110
024 027 8345 6365
024 028 8017 6595
024 029 7827 6426
