000 005 26701 26285
001 001 26216 26633
002 003 26871 27852
003 008 26465 28424
004 008 26569 28909
005 009 26625 26300
006 010 27290 26773
007 010 27995 25164
008 010 28622 25721
009 010 29838 24579
010 014 29741 28986
011 010 32503 25935
012 012 32790 26637
013 012 33875 27436
014 019 33306 28864
015 014 33976 30316
016 019 34317 29195
017 020 34894 29864
018 018 34139 26637
019 018 34036 29280
020 023 34339 29120
021 020 36052 27471
022 022 36320 28237
023 023 36758 25375
024 022 33219 23539
025 025 36657 30390
026 026 36619 29036
027 026 32545 23666
028 027 32459 23937
029 027 32118 23689
030 029 36202 27264
031 031 36129 29779
032 034 36954 30053
033 032 37010 29836
034 035 36696 30133
035 034 36653 13328
036 035 36619 13337
037 036 37013 12758
038 037 36793 12570
039 038 36780 12292
040 040 36354 12621
041 039 37069 11837
042 041 36820 11088
