000 000 25632 26493
000 001 25488 26473
000 002 26057 26436
000 003 26619 26514
000 004 26852 26420
000 005 26701 26285
001 000 27156 27707
001 001 26216 26633
001 002 26157 27220
001 003 26409 27132
001 004 26603 27214
001 005 26572 27174
001 006 26514 27145
002 000 28774 28259
002 001 27739 28348
002 002 27084 27858
002 003 26871 27852
002 004 26755 28352
002 005 26492 27957
002 006 26375 28122
002 007 26275 27937
003 000 30054 28882
003 001 29337 28880
003 002 28430 28980
003 003 27742 28877
003 004 27250 29045
003 005 26845 28548
003 006 26693 28751
003 007 26492 28473
003 008 26465 28424
004 000 30877 29637
004 001 30405 29800
004 002 29841 29501
004 003 28990 29487
004 004 28125 29397
004 005 27240 29643
004 006 27019 29649
004 007 26931 29537
004 008 26569 28909
004 009 26625 28932
005 000 31369 29856
005 001 30920 30181
005 002 30550 29923
005 003 29907 29791
005 004 29257 29938
005 005 28415 29677
005 006 27923 29468
005 007 27521 30070
005 008 26991 29411
005 009 26625 26300
005 010 26864 26911
006 001 31359 29989
006 002 31014 30094
006 003 30552 30478
006 004 30237 30498
006 005 29669 30365
006 006 29222 30157
006 007 28738 30214
006 008 28194 30084
006 009 27393 29479
006 010 27290 26773
006 011 27855 28832
007 002 31493 30753
007 003 31063 30798
007 004 30811 30818
007 005 30476 30741
007 006 30215 30388
007 007 29681 30771
007 008 29044 30485
007 009 28261 28261
007 010 27995 25164
007 011 28273 26435
007 012 28451 27963
008 003 31312 30872
008 004 31138 30931
008 005 30832 30773
008 006 30739 30959
008 007 30377 30837
008 008 29782 30438
008 009 29106 28730
008 010 28622 25721
008 011 28777 26946
008 012 28776 27603
008 013 28748 27737
009 004 31708 31277
009 005 31395 31343
009 006 31484 31380
009 007 31316 31364
009 008 30975 31119
009 009 30467 29133
009 010 29838 24579
009 011 29601 26232
009 012 29439 27750
009 013 29143 28624
009 014 29008 28357
010 005 31921 31821
010 006 32070 31821
010 007 32015 31952
010 008 31768 31577
010 009 31562 31743
010 010 31126 31321
010 011 30729 30202
010 012 30281 29966
010 013 29950 29206
010 014 29741 28986
010 015 29721 29403
011 006 32874 32380
011 007 32955 32289
011 008 32852 32237
011 009 32602 32351
011 010 32503 25935
011 011 32075 29988
011 012 31572 30764
011 013 31149 29544
011 014 30879 29870
011 015 30760 30217
011 016 30656 30398
012 007 33875 33471
012 008 33859 33476
012 009 33572 33462
012 010 33380 31191
012 011 33168 27539
012 012 32790 26637
012 013 32387 29951
012 014 32224 30606
012 015 31918 30507
012 016 31707 31287
012 017 31960 31607
013 008 34497 34058
013 009 34400 34035
013 010 34183 34262
013 011 33977 30768
013 012 33875 27436
013 013 33439 29866
013 014 33039 30512
013 015 32693 31277
013 016 32619 31444
013 017 32797 31209
013 018 32745 31720
014 009 34607 34168
014 010 34626 34143
014 011 34495 34385
014 012 34310 34150
014 013 33949 31522
014 014 33473 29775
014 015 33090 31399
014 016 33095 32301
014 017 33209 32653
014 018 33195 29170
014 019 33306 28864
015 010 34939 34256
015 011 34960 34260
015 012 34757 34278
015 013 34396 31526
015 014 33976 30316
015 015 33625 31109
015 016 33601 30711
015 017 33569 31959
015 018 33544 31614
015 019 33675 32021
015 020 33664 33003
016 011 35572 34504
016 012 35398 34763
016 013 35046 31600
016 014 34619 32380
016 015 34259 32688
016 016 34159 32290
016 017 34141 32679
016 018 34065 32124
016 019 34317 29195
016 020 34331 29900
016 021 34158 32763
017 012 36072 34707
017 013 35805 32380
017 014 35302 33007
017 015 34799 32079
017 016 34640 32652
017 017 34684 32753
017 018 34532 33161
017 019 34774 32962
017 020 34894 29864
017 021 34684 33069
017 022 34413 31275
018 013 35768 33166
018 014 35300 32764
018 015 34790 32543
018 016 34437 30288
018 017 34294 31564
018 018 34139 26637
018 019 34519 28752
018 020 34763 29117
018 021 34629 28342
018 022 34314 31048
018 023 34049 30763
019 014 35645 33150
019 015 35106 32823
019 016 34867 34766
019 017 34442 30895
019 018 34036 29280
019 019 34265 34577
019 020 34542 35092
019 021 34560 33944
019 022 34400 32821
019 023 34079 33181
019 024 33779 33434
020 015 35915 35849
020 016 35682 35832
020 017 35236 32326
020 018 34684 31783
020 019 34685 35676
020 020 34789 33361
020 021 34765 33253
020 022 34551 33244
020 023 34339 29120
020 024 34106 31484
020 025 33930 32064
021 016 37337 37296
021 017 37085 34465
021 018 36543 31123
021 019 36305 31736
021 020 36052 27471
021 021 35655 32489
021 022 35563 27958
021 023 35529 29486
021 024 35372 30882
021 025 35167 30317
021 026 34947 33940
022 017 38337 34783
022 018 37965 33903
022 019 37560 32227
022 020 37032 33031
022 021 36453 28352
022 022 36320 28237
022 023 36315 28988
022 024 36166 29218
022 025 35790 29074
022 026 35562 28582
022 027 35794 34188
023 018 38504 35244
023 019 38160 34511
023 020 37784 32358
023 021 37327 32867
023 022 36970 31127
023 023 36758 25375
023 024 36573 31591
023 025 36231 32053
023 026 35970 31348
023 027 36196 32247
023 028 36215 33436
024 019 32233 23577
024 020 32701 23966
024 021 33147 24093
024 022 33219 23539
024 023 33311 24639
024 024 33197 24556
024 025 33120 24702
024 026 32969 24143
024 027 32869 24252
024 028 32892 24088
024 029 32974 23857
025 020 38621 34973
025 021 38205 34197
025 022 37632 34386
025 023 37278 34474
025 024 37066 32321
025 025 36657 30390
025 026 36377 34336
025 027 36589 34239
025 028 36611 35292
025 029 36773 31111
025 030 37218 31133
026 021 38830 38779
026 022 38396 35454
026 023 37858 34853
026 024 37302 34318
026 025 37003 31624
026 026 36619 29036
026 027 36662 31479
026 028 36521 33405
026 029 36577 31545
026 030 36895 31220
026 031 36967 31063
027 022 32867 24152
027 023 32968 24539
027 024 32818 24193
027 025 32691 23970
027 026 32545 23666
027 027 32446 23767
027 028 32514 24228
027 029 32652 23925
027 030 32802 23900
027 031 32887 24252
027 032 33054 24252
028 023 32861 24700
028 024 32700 24437
028 025 32608 24516
028 026 32552 24329
028 027 32459 23937
028 028 32480 24224
028 029 32558 24216
028 030 32731 24272
028 031 32801 24474
028 032 32978 24984
028 033 33271 24544
029 024 32367 24220
029 025 32290 24102
029 026 32217 23875
029 027 32118 23689
029 028 32170 23871
029 029 32255 23696
029 030 32417 23941
029 031 32515 24048
029 032 32718 24487
029 033 32994 24559
029 034 33114 24458
030 025 38087 37441
030 026 37568 34785
030 027 37129 34990
030 028 36611 37149
030 029 36202 27264
030 030 36001 27799
030 031 35855 30078
030 032 35720 29453
030 033 36006 30570
030 034 36127 30919
030 035 36181 32397
031 026 38203 37744
031 027 37957 37462
031 028 37255 37496
031 029 36575 33941
031 030 36296 32419
031 031 36129 29779
031 032 35910 31796
031 033 36092 30080
031 034 36247 30375
031 035 36356 32551
031 036 36291 32633
032 027 38935 35267
032 028 38245 35084
032 029 37608 33533
032 030 37276 31557
032 031 37052 31175
032 032 36798 31233
032 033 36823 31211
032 034 36954 30053
032 035 37160 30912
032 036 37007 31768
032 037 37166 31661
033 028 38833 34733
033 029 38302 34582
033 030 37856 33230
033 031 37466 31559
033 032 37010 29836
033 033 37010 31110
033 034 36986 30142
033 035 37202 29974
033 036 37196 30899
033 037 37080 30967
033 038 36954 31203
034 029 38739 37670
034 030 38266 34847
034 031 37731 33621
034 032 36959 34063
034 033 36741 31879
034 034 36571 32837
034 035 36696 30133
034 036 36763 30435
034 037 36818 30943
034 038 36701 31087
034 039 36742 30842
035 030 38787 34800
035 031 38370 18096
035 032 37550 32890
035 033 37074 14174
035 034 36653 13328
035 035 36341 13516
035 036 36309 15484
035 037 36524 17019
035 038 36622 17897
035 039 36588 18965
035 040 36603 25682
036 031 38806 19860
036 032 38179 17920
036 033 37806 15875
036 034 37084 14279
036 035 36619 13337
036 036 36559 13697
036 037 36593 15224
036 038 36656 16828
036 039 36610 18503
036 040 36495 18807
036 041 36465 19827
037 032 38605 32680
037 033 38404 33195
037 034 38021 16919
037 035 37419 14100
037 036 37013 12758
037 037 36883 13617
037 038 36882 16349
037 039 36774 17069
037 040 36615 17790
037 041 36559 18278
037 042 36452 20077
038 033 38669 33574
038 034 38419 32870
038 035 37866 16223
038 036 37351 13382
038 037 36793 12570
038 038 36704 13071
038 039 36544 16135
038 040 36497 17055
038 041 36588 17475
038 042 36438 18196
038 043 36298 18818
039 034 38655 34227
039 035 38254 33306
039 036 37781 15265
039 037 37097 13309
039 038 36780 12292
039 039 36532 12977
039 040 36433 15154
039 041 36505 15895
039 042 36466 17532
039 043 36140 17838
039 044 36432 19621
040 035 38678 35532
040 036 38393 17223
040 037 37713 13852
040 038 37206 12898
040 039 36760 12683
040 040 36354 12621
040 041 36426 13902
040 042 36509 15818
040 043 36238 16479
040 044 36386 17767
040 045 36640 18483
041 036 38818 34896
041 037 38115 16855
041 038 37610 13462
041 039 37069 11837
041 040 36518 12393
041 041 36480 12226
041 042 36627 13754
041 043 36440 14884
041 044 36597 17014
041 045 36807 17615
041 046 36454 18660
042 037 38376 18260
042 038 37852 14557
042 039 37507 13767
042 040 36994 11881
042 041 36820 11088
042 042 36724 12365
042 043 36518 14255
042 044 36703 15744
042 045 36864 15826
042 046 36488 16389
042 047 36589 20049
043 038 37952 17454
043 039 37704 14013
043 040 37262 14178
