000 000 27019 24672
000 001 27916 26431
000 002 27784 26726
000 003 27678 24780
000 004 27296 21739
000 005 26576 20118
001 000 28775 25011
001 001 29723 26617
001 002 29867 26518
001 003 29855 20236
001 004 29265 21433
001 005 28223 19511
001 006 28234 17900
002 000 29841 24487
002 001 30252 26306
002 002 30189 26468
002 003 30404 17595
002 004 30109 19507
002 005 29241 17503
002 006 28937 17242
002 007 28616 19424
003 000 30916 26546
003 001 31083 24425
003 002 30630 25343
003 003 30583 25870
003 004 30572 17629
003 005 30051 18074
003 006 29882 16923
003 007 29374 18231
003 008 29192 17980
004 000 32014 30044
004 001 32162 24477
004 002 31509 24989
004 003 31219 13690
004 004 31030 16060
004 005 30571 17945
004 006 30857 17722
004 007 30504 17078
004 008 30180 16985
004 009 29988 16623
005 000 32760 30261
005 001 33048 30353
005 002 32468 23670
005 003 32063 11442
005 004 31836 12790
005 005 31261 15359
005 006 31515 16779
005 007 31221 16423
005 008 31042 16932
005 009 30675 16950
005 010 30783 17063
006 001 33839 31380
006 002 33503 30309
006 003 33004 23179
006 004 32603 11156
006 005 32029 11950
006 006 32154 14709
006 007 31799 15835
006 008 31654 16719
006 009 31481 17153
006 010 31609 17545
006 011 31497 17211
007 002 34029 30895
007 003 33650 27028
007 004 33329 11094
007 005 32797 10150
007 006 32990 12707
007 007 32526 14616
007 008 32425 16391
007 009 32315 16955
007 010 32606 17505
007 011 32644 17593
007 012 32322 32132
008 003 34222 29992
008 004 34223 24274
008 005 33793 10282
008 006 34002 11531
008 007 33634 13211
008 008 33430 26681
008 009 33437 16522
008 010 33777 28873
008 011 33684 20348
008 012 32988 32423
008 013 33076 32816
009 004 34727 25881
009 005 34518 12690
009 006 34893 11374
009 007 34511 11883
009 008 34442 12833
009 009 34287 28250
009 010 34643 28430
009 011 34455 28532
009 012 33291 32910
009 013 33386 33047
009 014 33567 33015
010 005 35312 26558
010 006 35839 25458
010 007 35468 11309
010 008 35346 25865
010 009 35074 27124
010 010 35033 27962
010 011 34922 27434
010 012 33524 33475
010 013 33623 33217
010 014 33736 33500
