041.png 037.png -20 -20 -2.000000 5777
041.png 037.png -20 -20 -1.500000 5796
041.png 037.png -20 -20 -1.000000 5815
041.png 037.png -20 -20 -0.500000 5820
041.png 037.png -20 -20 0.000000 5839
041.png 037.png -20 -20 0.500000 5870
041.png 037.png -20 -20 1.000000 5887
041.png 037.png -20 -20 1.500000 5890
041.png 037.png -20 -20 2.000000 5897
041.png 037.png -20 -15 -2.000000 5728
041.png 037.png -20 -15 -1.500000 5740
041.png 037.png -20 -15 -1.000000 5725
041.png 037.png -20 -15 -0.500000 5737
041.png 037.png -20 -15 0.000000 5769
041.png 037.png -20 -15 0.500000 5787
041.png 037.png -20 -15 1.000000 5790
041.png 037.png -20 -15 1.500000 5801
041.png 037.png -20 -15 2.000000 5815
041.png 037.png -20 -10 -2.000000 5792
041.png 037.png -20 -10 -1.500000 5792
041.png 037.png -20 -10 -1.000000 5759
041.png 037.png -20 -10 -0.500000 5732
041.png 037.png -20 -10 0.000000 5743
041.png 037.png -20 -10 0.500000 5734
041.png 037.png -20 -10 1.000000 5754
041.png 037.png -20 -10 1.500000 5767
041.png 037.png -20 -10 2.000000 5768
041.png 037.png -20 -5 -2.000000 5762
041.png 037.png -20 -5 -1.500000 5736
041.png 037.png -20 -5 -1.000000 5711
041.png 037.png -20 -5 -0.500000 5716
041.png 037.png -20 -5 0.000000 5711
041.png 037.png -20 -5 0.500000 5678
041.png 037.png -20 -5 1.000000 5629
041.png 037.png -20 -5 1.500000 5587
041.png 037.png -20 -5 2.000000 5610
041.png 037.png -20 0 -2.000000 5916
041.png 037.png -20 0 -1.500000 5846
041.png 037.png -20 0 -1.000000 5787
041.png 037.png -20 0 -0.500000 5755
041.png 037.png -20 0 0.000000 5719
041.png 037.png -20 0 0.500000 5658
041.png 037.png -20 0 1.000000 5624
041.png 037.png -20 0 1.500000 5600
041.png 037.png -20 0 2.000000 5577
041.png 037.png -20 5 -2.000000 5888
041.png 037.png -20 5 -1.500000 5869
041.png 037.png -20 5 -1.000000 5820
041.png 037.png -20 5 -0.500000 5751
041.png 037.png -20 5 0.000000 5713
041.png 037.png -20 5 0.500000 5736
041.png 037.png -20 5 1.000000 5745
041.png 037.png -20 5 1.500000 5738
041.png 037.png -20 5 2.000000 5716
041.png 037.png -20 10 -2.000000 5784
041.png 037.png -20 10 -1.500000 5807
041.png 037.png -20 10 -1.000000 5800
041.png 037.png -20 10 -0.500000 5807
041.png 037.png -20 10 0.000000 5805
041.png 037.png -20 10 0.500000 5778
041.png 037.png -20 10 1.000000 5743
041.png 037.png -20 10 1.500000 5714
041.png 037.png -20 10 2.000000 5742
041.png 037.png -20 15 -2.000000 5963
041.png 037.png -20 15 -1.500000 5958
041.png 037.png -20 15 -1.000000 5955
041.png 037.png -20 15 -0.500000 5967
041.png 037.png -20 15 0.000000 5985
041.png 037.png -20 15 0.500000 5970
041.png 037.png -20 15 1.000000 5954
041.png 037.png -20 15 1.500000 5940
041.png 037.png -20 15 2.000000 5938
041.png 037.png -20 20 -2.000000 5972
041.png 037.png -20 20 -1.500000 5964
041.png 037.png -20 20 -1.000000 5962
041.png 037.png -20 20 -0.500000 5958
041.png 037.png -20 20 0.000000 5955
041.png 037.png -20 20 0.500000 5944
041.png 037.png -20 20 1.000000 5937
041.png 037.png -20 20 1.500000 5919
041.png 037.png -20 20 2.000000 5874
041.png 037.png -15 -20 -2.000000 5750
041.png 037.png -15 -20 -1.500000 5758
041.png 037.png -15 -20 -1.000000 5818
041.png 037.png -15 -20 -0.500000 5847
041.png 037.png -15 -20 0.000000 5865
041.png 037.png -15 -20 0.500000 5895
041.png 037.png -15 -20 1.000000 5905
041.png 037.png -15 -20 1.500000 5909
041.png 037.png -15 -20 2.000000 5897
041.png 037.png -15 -15 -2.000000 5767
041.png 037.png -15 -15 -1.500000 5752
041.png 037.png -15 -15 -1.000000 5741
041.png 037.png -15 -15 -0.500000 5733
041.png 037.png -15 -15 0.000000 5721
041.png 037.png -15 -15 0.500000 5781
041.png 037.png -15 -15 1.000000 5813
041.png 037.png -15 -15 1.500000 5822
041.png 037.png -15 -15 2.000000 5845
041.png 037.png -15 -10 -2.000000 5697
041.png 037.png -15 -10 -1.500000 5727
041.png 037.png -15 -10 -1.000000 5767
041.png 037.png -15 -10 -0.500000 5786
041.png 037.png -15 -10 0.000000 5767
041.png 037.png -15 -10 0.500000 5749
041.png 037.png -15 -10 1.000000 5732
041.png 037.png -15 -10 1.500000 5717
041.png 037.png -15 -10 2.000000 5768
041.png 037.png -15 -5 -2.000000 5801
041.png 037.png -15 -5 -1.500000 5759
041.png 037.png -15 -5 -1.000000 5701
041.png 037.png -15 -5 -0.500000 5630
041.png 037.png -15 -5 0.000000 5597
041.png 037.png -15 -5 0.500000 5602
041.png 037.png -15 -5 1.000000 5581
041.png 037.png -15 -5 1.500000 5531
041.png 037.png -15 -5 2.000000 5487
041.png 037.png -15 0 -2.000000 5988
041.png 037.png -15 0 -1.500000 5977
041.png 037.png -15 0 -1.000000 5965
041.png 037.png -15 0 -0.500000 5954
041.png 037.png -15 0 0.000000 5915
041.png 037.png -15 0 0.500000 5854
041.png 037.png -15 0 1.000000 5797
041.png 037.png -15 0 1.500000 5740
041.png 037.png -15 0 2.000000 5715
041.png 037.png -15 5 -2.000000 5773
041.png 037.png -15 5 -1.500000 5793
041.png 037.png -15 5 -1.000000 5763
041.png 037.png -15 5 -0.500000 5734
041.png 037.png -15 5 0.000000 5707
041.png 037.png -15 5 0.500000 5698
041.png 037.png -15 5 1.000000 5696
041.png 037.png -15 5 1.500000 5692
041.png 037.png -15 5 2.000000 5662
041.png 037.png -15 10 -2.000000 5646
041.png 037.png -15 10 -1.500000 5666
041.png 037.png -15 10 -1.000000 5680
041.png 037.png -15 10 -0.500000 5728
041.png 037.png -15 10 0.000000 5749
041.png 037.png -15 10 0.500000 5760
041.png 037.png -15 10 1.000000 5754
041.png 037.png -15 10 1.500000 5763
041.png 037.png -15 10 2.000000 5813
041.png 037.png -15 15 -2.000000 5905
041.png 037.png -15 15 -1.500000 5899
041.png 037.png -15 15 -1.000000 5901
041.png 037.png -15 15 -0.500000 5884
041.png 037.png -15 15 0.000000 5823
041.png 037.png -15 15 0.500000 5789
041.png 037.png -15 15 1.000000 5791
041.png 037.png -15 15 1.500000 5805
041.png 037.png -15 15 2.000000 5794
041.png 037.png -15 20 -2.000000 5994
041.png 037.png -15 20 -1.500000 6001
041.png 037.png -15 20 -1.000000 6012
041.png 037.png -15 20 -0.500000 6019
041.png 037.png -15 20 0.000000 6027
041.png 037.png -15 20 0.500000 6008
041.png 037.png -15 20 1.000000 5995
041.png 037.png -15 20 1.500000 5971
041.png 037.png -15 20 2.000000 5955
041.png 037.png -10 -20 -2.000000 5752
041.png 037.png -10 -20 -1.500000 5740
041.png 037.png -10 -20 -1.000000 5768
041.png 037.png -10 -20 -0.500000 5807
041.png 037.png -10 -20 0.000000 5841
041.png 037.png -10 -20 0.500000 5845
041.png 037.png -10 -20 1.000000 5860
041.png 037.png -10 -20 1.500000 5885
041.png 037.png -10 -20 2.000000 5893
041.png 037.png -10 -15 -2.000000 5692
041.png 037.png -10 -15 -1.500000 5701
041.png 037.png -10 -15 -1.000000 5720
041.png 037.png -10 -15 -0.500000 5706
041.png 037.png -10 -15 0.000000 5671
041.png 037.png -10 -15 0.500000 5678
041.png 037.png -10 -15 1.000000 5724
041.png 037.png -10 -15 1.500000 5776
041.png 037.png -10 -15 2.000000 5795
041.png 037.png -10 -10 -2.000000 5717
041.png 037.png -10 -10 -1.500000 5696
041.png 037.png -10 -10 -1.000000 5689
041.png 037.png -10 -10 -0.500000 5683
041.png 037.png -10 -10 0.000000 5723
041.png 037.png -10 -10 0.500000 5740
041.png 037.png -10 -10 1.000000 5734
041.png 037.png -10 -10 1.500000 5674
041.png 037.png -10 -10 2.000000 5632
041.png 037.png -10 -5 -2.000000 5904
041.png 037.png -10 -5 -1.500000 5898
041.png 037.png -10 -5 -1.000000 5882
041.png 037.png -10 -5 -0.500000 5793
041.png 037.png -10 -5 0.000000 5761
041.png 037.png -10 -5 0.500000 5718
041.png 037.png -10 -5 1.000000 5693
041.png 037.png -10 -5 1.500000 5671
041.png 037.png -10 -5 2.000000 5662
041.png 037.png -10 0 -2.000000 5690
041.png 037.png -10 0 -1.500000 5687
041.png 037.png -10 0 -1.000000 5694
041.png 037.png -10 0 -0.500000 5694
041.png 037.png -10 0 0.000000 5683
041.png 037.png -10 0 0.500000 5669
041.png 037.png -10 0 1.000000 5636
041.png 037.png -10 0 1.500000 5617
041.png 037.png -10 0 2.000000 5611
041.png 037.png -10 5 -2.000000 5663
041.png 037.png -10 5 -1.500000 5601
041.png 037.png -10 5 -1.000000 5556
041.png 037.png -10 5 -0.500000 5552
041.png 037.png -10 5 0.000000 5539
041.png 037.png -10 5 0.500000 5563
041.png 037.png -10 5 1.000000 5589
041.png 037.png -10 5 1.500000 5616
041.png 037.png -10 5 2.000000 5629
041.png 037.png -10 10 -2.000000 5858
041.png 037.png -10 10 -1.500000 5849
041.png 037.png -10 10 -1.000000 5894
041.png 037.png -10 10 -0.500000 5925
041.png 037.png -10 10 0.000000 5939
041.png 037.png -10 10 0.500000 5936
041.png 037.png -10 10 1.000000 5945
041.png 037.png -10 10 1.500000 5931
041.png 037.png -10 10 2.000000 5916
041.png 037.png -10 15 -2.000000 6066
041.png 037.png -10 15 -1.500000 6067
041.png 037.png -10 15 -1.000000 6081
041.png 037.png -10 15 -0.500000 6042
041.png 037.png -10 15 0.000000 6001
041.png 037.png -10 15 0.500000 6007
041.png 037.png -10 15 1.000000 5989
041.png 037.png -10 15 1.500000 5969
041.png 037.png -10 15 2.000000 5947
041.png 037.png -10 20 -2.000000 5967
041.png 037.png -10 20 -1.500000 5954
041.png 037.png -10 20 -1.000000 5951
041.png 037.png -10 20 -0.500000 5945
041.png 037.png -10 20 0.000000 5955
041.png 037.png -10 20 0.500000 5981
041.png 037.png -10 20 1.000000 6004
041.png 037.png -10 20 1.500000 5980
041.png 037.png -10 20 2.000000 5985
041.png 037.png -5 -20 -2.000000 5709
041.png 037.png -5 -20 -1.500000 5763
041.png 037.png -5 -20 -1.000000 5796
041.png 037.png -5 -20 -0.500000 5751
041.png 037.png -5 -20 0.000000 5739
041.png 037.png -5 -20 0.500000 5825
041.png 037.png -5 -20 1.000000 5893
041.png 037.png -5 -20 1.500000 5906
041.png 037.png -5 -20 2.000000 5844
041.png 037.png -5 -15 -2.000000 5560
041.png 037.png -5 -15 -1.500000 5557
041.png 037.png -5 -15 -1.000000 5559
041.png 037.png -5 -15 -0.500000 5592
041.png 037.png -5 -15 0.000000 5669
041.png 037.png -5 -15 0.500000 5689
041.png 037.png -5 -15 1.000000 5641
041.png 037.png -5 -15 1.500000 5699
041.png 037.png -5 -15 2.000000 5804
041.png 037.png -5 -10 -2.000000 5741
041.png 037.png -5 -10 -1.500000 5703
041.png 037.png -5 -10 -1.000000 5623
041.png 037.png -5 -10 -0.500000 5596
041.png 037.png -5 -10 0.000000 5533
041.png 037.png -5 -10 0.500000 5486
041.png 037.png -5 -10 1.000000 5459
041.png 037.png -5 -10 1.500000 5466
041.png 037.png -5 -10 2.000000 5486
041.png 037.png -5 -5 -2.000000 5862
041.png 037.png -5 -5 -1.500000 5846
041.png 037.png -5 -5 -1.000000 5807
041.png 037.png -5 -5 -0.500000 5762
041.png 037.png -5 -5 0.000000 5673
041.png 037.png -5 -5 0.500000 5565
041.png 037.png -5 -5 1.000000 5500
041.png 037.png -5 -5 1.500000 5423
041.png 037.png -5 -5 2.000000 5376
041.png 037.png -5 0 -2.000000 5801
041.png 037.png -5 0 -1.500000 5820
041.png 037.png -5 0 -1.000000 5849
041.png 037.png -5 0 -0.500000 5852
041.png 037.png -5 0 0.000000 5855
041.png 037.png -5 0 0.500000 5823
041.png 037.png -5 0 1.000000 5779
041.png 037.png -5 0 1.500000 5726
041.png 037.png -5 0 2.000000 5688
041.png 037.png -5 5 -2.000000 5838
041.png 037.png -5 5 -1.500000 5835
041.png 037.png -5 5 -1.000000 5829
041.png 037.png -5 5 -0.500000 5852
041.png 037.png -5 5 0.000000 5865
041.png 037.png -5 5 0.500000 5875
041.png 037.png -5 5 1.000000 5896
041.png 037.png -5 5 1.500000 5921
041.png 037.png -5 5 2.000000 5918
041.png 037.png -5 10 -2.000000 5911
041.png 037.png -5 10 -1.500000 5939
041.png 037.png -5 10 -1.000000 5945
041.png 037.png -5 10 -0.500000 5936
041.png 037.png -5 10 0.000000 5915
041.png 037.png -5 10 0.500000 5939
041.png 037.png -5 10 1.000000 5970
041.png 037.png -5 10 1.500000 5979
041.png 037.png -5 10 2.000000 5987
041.png 037.png -5 15 -2.000000 5880
041.png 037.png -5 15 -1.500000 5901
041.png 037.png -5 15 -1.000000 5918
041.png 037.png -5 15 -0.500000 5951
041.png 037.png -5 15 0.000000 5971
041.png 037.png -5 15 0.500000 5985
041.png 037.png -5 15 1.000000 5979
041.png 037.png -5 15 1.500000 5947
041.png 037.png -5 15 2.000000 5955
041.png 037.png -5 20 -2.000000 5958
041.png 037.png -5 20 -1.500000 5920
041.png 037.png -5 20 -1.000000 5890
041.png 037.png -5 20 -0.500000 5869
041.png 037.png -5 20 0.000000 5827
041.png 037.png -5 20 0.500000 5830
041.png 037.png -5 20 1.000000 5830
041.png 037.png -5 20 1.500000 5857
041.png 037.png -5 20 2.000000 5905
041.png 037.png 0 -20 -2.000000 5661
041.png 037.png 0 -20 -1.500000 5698
041.png 037.png 0 -20 -1.000000 5692
041.png 037.png 0 -20 -0.500000 5651
041.png 037.png 0 -20 0.000000 5609
041.png 037.png 0 -20 0.500000 5585
041.png 037.png 0 -20 1.000000 5627
041.png 037.png 0 -20 1.500000 5692
041.png 037.png 0 -20 2.000000 5714
041.png 037.png 0 -15 -2.000000 5553
041.png 037.png 0 -15 -1.500000 5558
041.png 037.png 0 -15 -1.000000 5564
041.png 037.png 0 -15 -0.500000 5628
041.png 037.png 0 -15 0.000000 5639
041.png 037.png 0 -15 0.500000 5615
041.png 037.png 0 -15 1.000000 5626
041.png 037.png 0 -15 1.500000 5612
041.png 037.png 0 -15 2.000000 5624
041.png 037.png 0 -10 -2.000000 5785
041.png 037.png 0 -10 -1.500000 5699
041.png 037.png 0 -10 -1.000000 5578
041.png 037.png 0 -10 -0.500000 5497
041.png 037.png 0 -10 0.000000 5435
041.png 037.png 0 -10 0.500000 5435
041.png 037.png 0 -10 1.000000 5445
041.png 037.png 0 -10 1.500000 5412
041.png 037.png 0 -10 2.000000 5398
041.png 037.png 0 -5 -2.000000 5956
041.png 037.png 0 -5 -1.500000 5937
041.png 037.png 0 -5 -1.000000 5919
041.png 037.png 0 -5 -0.500000 5896
041.png 037.png 0 -5 0.000000 5841
041.png 037.png 0 -5 0.500000 5764
041.png 037.png 0 -5 1.000000 5644
041.png 037.png 0 -5 1.500000 5504
041.png 037.png 0 -5 2.000000 5421
041.png 037.png 0 0 -2.000000 5894
041.png 037.png 0 0 -1.500000 5843
041.png 037.png 0 0 -1.000000 5833
041.png 037.png 0 0 -0.500000 5845
041.png 037.png 0 0 0.000000 5837
041.png 037.png 0 0 0.500000 5843
041.png 037.png 0 0 1.000000 5854
041.png 037.png 0 0 1.500000 5843
041.png 037.png 0 0 2.000000 5812
041.png 037.png 0 5 -2.000000 5902
041.png 037.png 0 5 -1.500000 5944
041.png 037.png 0 5 -1.000000 5969
041.png 037.png 0 5 -0.500000 5962
041.png 037.png 0 5 0.000000 5941
041.png 037.png 0 5 0.500000 5916
041.png 037.png 0 5 1.000000 5907
041.png 037.png 0 5 1.500000 5884
041.png 037.png 0 5 2.000000 5866
041.png 037.png 0 10 -2.000000 5868
041.png 037.png 0 10 -1.500000 5842
041.png 037.png 0 10 -1.000000 5851
041.png 037.png 0 10 -0.500000 5890
041.png 037.png 0 10 0.000000 5941
041.png 037.png 0 10 0.500000 5984
041.png 037.png 0 10 1.000000 6021
041.png 037.png 0 10 1.500000 6021
041.png 037.png 0 10 2.000000 6020
041.png 037.png 0 15 -2.000000 5967
041.png 037.png 0 15 -1.500000 5994
041.png 037.png 0 15 -1.000000 6005
041.png 037.png 0 15 -0.500000 6005
041.png 037.png 0 15 0.000000 6007
041.png 037.png 0 15 0.500000 5994
041.png 037.png 0 15 1.000000 5981
041.png 037.png 0 15 1.500000 5978
041.png 037.png 0 15 2.000000 5998
041.png 037.png 0 20 -2.000000 5914
041.png 037.png 0 20 -1.500000 5910
041.png 037.png 0 20 -1.000000 5913
041.png 037.png 0 20 -0.500000 5910
041.png 037.png 0 20 0.000000 5903
041.png 037.png 0 20 0.500000 5897
041.png 037.png 0 20 1.000000 5910
041.png 037.png 0 20 1.500000 5954
041.png 037.png 0 20 2.000000 5982
041.png 037.png 5 -20 -2.000000 5579
041.png 037.png 5 -20 -1.500000 5616
041.png 037.png 5 -20 -1.000000 5557
041.png 037.png 5 -20 -0.500000 5498
041.png 037.png 5 -20 0.000000 5403
041.png 037.png 5 -20 0.500000 5467
041.png 037.png 5 -20 1.000000 5461
041.png 037.png 5 -20 1.500000 5463
041.png 037.png 5 -20 2.000000 5500
041.png 037.png 5 -15 -2.000000 5580
041.png 037.png 5 -15 -1.500000 5505
041.png 037.png 5 -15 -1.000000 5497
041.png 037.png 5 -15 -0.500000 5543
041.png 037.png 5 -15 0.000000 5511
041.png 037.png 5 -15 0.500000 5447
041.png 037.png 5 -15 1.000000 5413
041.png 037.png 5 -15 1.500000 5438
041.png 037.png 5 -15 2.000000 5462
041.png 037.png 5 -10 -2.000000 5841
041.png 037.png 5 -10 -1.500000 5785
041.png 037.png 5 -10 -1.000000 5748
041.png 037.png 5 -10 -0.500000 5680
041.png 037.png 5 -10 0.000000 5601
041.png 037.png 5 -10 0.500000 5511
041.png 037.png 5 -10 1.000000 5420
041.png 037.png 5 -10 1.500000 5394
041.png 037.png 5 -10 2.000000 5386
041.png 037.png 5 -5 -2.000000 6031
041.png 037.png 5 -5 -1.500000 6017
041.png 037.png 5 -5 -1.000000 5955
041.png 037.png 5 -5 -0.500000 5899
041.png 037.png 5 -5 0.000000 5847
041.png 037.png 5 -5 0.500000 5789
041.png 037.png 5 -5 1.000000 5719
041.png 037.png 5 -5 1.500000 5659
041.png 037.png 5 -5 2.000000 5553
041.png 037.png 5 0 -2.000000 6029
041.png 037.png 5 0 -1.500000 5997
041.png 037.png 5 0 -1.000000 5965
041.png 037.png 5 0 -0.500000 5947
041.png 037.png 5 0 0.000000 5947
041.png 037.png 5 0 0.500000 5941
041.png 037.png 5 0 1.000000 5906
041.png 037.png 5 0 1.500000 5880
041.png 037.png 5 0 2.000000 5842
041.png 037.png 5 5 -2.000000 5984
041.png 037.png 5 5 -1.500000 5990
041.png 037.png 5 5 -1.000000 5998
041.png 037.png 5 5 -0.500000 5999
041.png 037.png 5 5 0.000000 5993
041.png 037.png 5 5 0.500000 5986
041.png 037.png 5 5 1.000000 5990
041.png 037.png 5 5 1.500000 5986
041.png 037.png 5 5 2.000000 5962
041.png 037.png 5 10 -2.000000 5869
041.png 037.png 5 10 -1.500000 5882
041.png 037.png 5 10 -1.000000 5903
041.png 037.png 5 10 -0.500000 5925
041.png 037.png 5 10 0.000000 5931
041.png 037.png 5 10 0.500000 5938
041.png 037.png 5 10 1.000000 5951
041.png 037.png 5 10 1.500000 5967
041.png 037.png 5 10 2.000000 5992
041.png 037.png 5 15 -2.000000 5898
041.png 037.png 5 15 -1.500000 5910
041.png 037.png 5 15 -1.000000 5921
041.png 037.png 5 15 -0.500000 5933
041.png 037.png 5 15 0.000000 5939
041.png 037.png 5 15 0.500000 5926
041.png 037.png 5 15 1.000000 5935
041.png 037.png 5 15 1.500000 5946
041.png 037.png 5 15 2.000000 5945
041.png 037.png 5 20 -2.000000 5823
041.png 037.png 5 20 -1.500000 5823
041.png 037.png 5 20 -1.000000 5822
041.png 037.png 5 20 -0.500000 5839
