041.png 037.png -20 -20 -2.000000 3882
041.png 037.png -20 -20 -1.500000 4051
041.png 037.png -20 -20 -1.000000 4243
041.png 037.png -20 -20 -0.500000 4270
041.png 037.png -20 -20 0.000000 3978
041.png 037.png -20 -20 0.500000 4096
041.png 037.png -20 -20 1.000000 4251
041.png 037.png -20 -20 1.500000 4166
041.png 037.png -20 -20 2.000000 3893
041.png 037.png -20 -15 -2.000000 3937
041.png 037.png -20 -15 -1.500000 4179
041.png 037.png -20 -15 -1.000000 4237
041.png 037.png -20 -15 -0.500000 3888
041.png 037.png -20 -15 0.000000 4143
041.png 037.png -20 -15 0.500000 4288
041.png 037.png -20 -15 1.000000 4198
041.png 037.png -20 -15 1.500000 3837
041.png 037.png -20 -15 2.000000 3966
041.png 037.png -20 -10 -2.000000 3927
041.png 037.png -20 -10 -1.500000 4188
041.png 037.png -20 -10 -1.000000 3943
041.png 037.png -20 -10 -0.500000 4129
041.png 037.png -20 -10 0.000000 4284
041.png 037.png -20 -10 0.500000 4282
041.png 037.png -20 -10 1.000000 3852
041.png 037.png -20 -10 1.500000 3993
041.png 037.png -20 -10 2.000000 4275
041.png 037.png -20 -5 -2.000000 3775
041.png 037.png -20 -5 -1.500000 3923
041.png 037.png -20 -5 -1.000000 4126
041.png 037.png -20 -5 -0.500000 4254
041.png 037.png -20 -5 0.000000 4242
041.png 037.png -20 -5 0.500000 4179
041.png 037.png -20 -5 1.000000 4238
041.png 037.png -20 -5 1.500000 4354
041.png 037.png -20 -5 2.000000 4456
041.png 037.png -20 0 -2.000000 3761
041.png 037.png -20 0 -1.500000 4252
041.png 037.png -20 0 -1.000000 4420
041.png 037.png -20 0 -0.500000 4463
041.png 037.png -20 0 0.000000 4167
041.png 037.png -20 0 0.500000 4258
041.png 037.png -20 0 1.000000 4426
041.png 037.png -20 0 1.500000 4384
041.png 037.png -20 0 2.000000 4113
041.png 037.png -20 5 -2.000000 3860
041.png 037.png -20 5 -1.500000 4381
041.png 037.png -20 5 -1.000000 4432
041.png 037.png -20 5 -0.500000 4116
041.png 037.png -20 5 0.000000 4286
041.png 037.png -20 5 0.500000 4439
041.png 037.png -20 5 1.000000 4424
041.png 037.png -20 5 1.500000 4072
041.png 037.png -20 5 2.000000 4095
041.png 037.png -20 10 -2.000000 3785
041.png 037.png -20 10 -1.500000 4450
041.png 037.png -20 10 -1.000000 4302
041.png 037.png -20 10 -0.500000 4122
041.png 037.png -20 10 0.000000 4389
041.png 037.png -20 10 0.500000 4438
041.png 037.png -20 10 1.000000 4438
041.png 037.png -20 10 1.500000 4043
041.png 037.png -20 10 2.000000 4206
041.png 037.png -20 15 -2.000000 3949
041.png 037.png -20 15 -1.500000 4253
041.png 037.png -20 15 -1.000000 4231
041.png 037.png -20 15 -0.500000 4533
041.png 037.png -20 15 0.000000 4606
041.png 037.png -20 15 0.500000 4491
041.png 037.png -20 15 1.000000 4282
041.png 037.png -20 15 1.500000 4601
041.png 037.png -20 15 2.000000 4505
041.png 037.png -20 20 -2.000000 4030
041.png 037.png -20 20 -1.500000 4229
041.png 037.png -20 20 -1.000000 4394
041.png 037.png -20 20 -0.500000 4478
041.png 037.png -20 20 0.000000 4554
041.png 037.png -20 20 0.500000 4204
041.png 037.png -20 20 1.000000 4330
041.png 037.png -20 20 1.500000 4542
041.png 037.png -20 20 2.000000 4461
041.png 037.png -15 -20 -2.000000 3969
041.png 037.png -15 -20 -1.500000 4414
041.png 037.png -15 -20 -1.000000 4486
041.png 037.png -15 -20 -0.500000 4428
041.png 037.png -15 -20 0.000000 4184
041.png 037.png -15 -20 0.500000 4292
041.png 037.png -15 -20 1.000000 4563
041.png 037.png -15 -20 1.500000 4472
041.png 037.png -15 -20 2.000000 4147
041.png 037.png -15 -15 -2.000000 3936
041.png 037.png -15 -15 -1.500000 4491
041.png 037.png -15 -15 -1.000000 4491
041.png 037.png -15 -15 -0.500000 4150
041.png 037.png -15 -15 0.000000 4184
041.png 037.png -15 -15 0.500000 4419
041.png 037.png -15 -15 1.000000 4450
041.png 037.png -15 -15 1.500000 4411
041.png 037.png -15 -15 2.000000 4259
041.png 037.png -15 -10 -2.000000 3863
041.png 037.png -15 -10 -1.500000 4556
041.png 037.png -15 -10 -1.000000 4491
041.png 037.png -15 -10 -0.500000 4285
041.png 037.png -15 -10 0.000000 4546
041.png 037.png -15 -10 0.500000 4618
041.png 037.png -15 -10 1.000000 4560
041.png 037.png -15 -10 1.500000 4262
041.png 037.png -15 -10 2.000000 4494
041.png 037.png -15 -5 -2.000000 3840
041.png 037.png -15 -5 -1.500000 4457
041.png 037.png -15 -5 -1.000000 4212
041.png 037.png -15 -5 -0.500000 4492
041.png 037.png -15 -5 0.000000 4482
041.png 037.png -15 -5 0.500000 4485
041.png 037.png -15 -5 1.000000 4206
041.png 037.png -15 -5 1.500000 4484
041.png 037.png -15 -5 2.000000 4561
041.png 037.png -15 0 -2.000000 3593
041.png 037.png -15 0 -1.500000 4174
041.png 037.png -15 0 -1.000000 4521
041.png 037.png -15 0 -0.500000 4477
041.png 037.png -15 0 0.000000 4376
041.png 037.png -15 0 0.500000 4152
041.png 037.png -15 0 1.000000 4476
041.png 037.png -15 0 1.500000 4475
041.png 037.png -15 0 2.000000 4505
041.png 037.png -15 5 -2.000000 3703
041.png 037.png -15 5 -1.500000 4344
041.png 037.png -15 5 -1.000000 4397
041.png 037.png -15 5 -0.500000 4409
041.png 037.png -15 5 0.000000 3898
041.png 037.png -15 5 0.500000 4001
041.png 037.png -15 5 1.000000 4260
041.png 037.png -15 5 1.500000 4263
041.png 037.png -15 5 2.000000 3888
041.png 037.png -15 10 -2.000000 3904
041.png 037.png -15 10 -1.500000 4284
041.png 037.png -15 10 -1.000000 4258
041.png 037.png -15 10 -0.500000 3896
041.png 037.png -15 10 0.000000 4112
041.png 037.png -15 10 0.500000 4203
041.png 037.png -15 10 1.000000 4279
041.png 037.png -15 10 1.500000 3872
041.png 037.png -15 10 2.000000 3941
041.png 037.png -15 15 -2.000000 3832
041.png 037.png -15 15 -1.500000 4227
041.png 037.png -15 15 -1.000000 3861
041.png 037.png -15 15 -0.500000 4121
041.png 037.png -15 15 0.000000 4238
041.png 037.png -15 15 0.500000 4071
041.png 037.png -15 15 1.000000 3807
041.png 037.png -15 15 1.500000 3924
041.png 037.png -15 15 2.000000 4250
041.png 037.png -15 20 -2.000000 3876
041.png 037.png -15 20 -1.500000 4148
041.png 037.png -15 20 -1.000000 3862
041.png 037.png -15 20 -0.500000 4201
041.png 037.png -15 20 0.000000 4172
041.png 037.png -15 20 0.500000 4147
041.png 037.png -15 20 1.000000 3844
041.png 037.png -15 20 1.500000 4114
041.png 037.png -15 20 2.000000 4149
041.png 037.png -10 -20 -2.000000 3938
041.png 037.png -10 -20 -1.500000 4332
041.png 037.png -10 -20 -1.000000 4482
041.png 037.png -10 -20 -0.500000 4488
041.png 037.png -10 -20 0.000000 4467
041.png 037.png -10 -20 0.500000 4368
041.png 037.png -10 -20 1.000000 4576
041.png 037.png -10 -20 1.500000 4551
041.png 037.png -10 -20 2.000000 4388
041.png 037.png -10 -15 -2.000000 3899
041.png 037.png -10 -15 -1.500000 4491
041.png 037.png -10 -15 -1.000000 4399
041.png 037.png -10 -15 -0.500000 4502
041.png 037.png -10 -15 0.000000 4253
041.png 037.png -10 -15 0.500000 4449
041.png 037.png -10 -15 1.000000 4500
041.png 037.png -10 -15 1.500000 4500
041.png 037.png -10 -15 2.000000 4187
041.png 037.png -10 -10 -2.000000 3861
041.png 037.png -10 -10 -1.500000 4523
041.png 037.png -10 -10 -1.000000 4444
041.png 037.png -10 -10 -0.500000 4220
041.png 037.png -10 -10 0.000000 4517
041.png 037.png -10 -10 0.500000 4521
041.png 037.png -10 -10 1.000000 4524
041.png 037.png -10 -10 1.500000 4156
041.png 037.png -10 -10 2.000000 4296
041.png 037.png -10 -5 -2.000000 3767
041.png 037.png -10 -5 -1.500000 4559
041.png 037.png -10 -5 -1.000000 4204
041.png 037.png -10 -5 -0.500000 4381
041.png 037.png -10 -5 0.000000 4427
041.png 037.png -10 -5 0.500000 4525
041.png 037.png -10 -5 1.000000 4166
041.png 037.png -10 -5 1.500000 4186
041.png 037.png -10 -5 2.000000 4389
041.png 037.png -10 0 -2.000000 3722
041.png 037.png -10 0 -1.500000 4161
041.png 037.png -10 0 -1.000000 4277
041.png 037.png -10 0 -0.500000 4321
041.png 037.png -10 0 0.000000 4376
041.png 037.png -10 0 0.500000 4177
041.png 037.png -10 0 1.000000 4160
041.png 037.png -10 0 1.500000 4373
041.png 037.png -10 0 2.000000 4425
041.png 037.png -10 5 -2.000000 3562
041.png 037.png -10 5 -1.500000 4195
041.png 037.png -10 5 -1.000000 4361
041.png 037.png -10 5 -0.500000 4323
041.png 037.png -10 5 0.000000 4102
041.png 037.png -10 5 0.500000 4156
041.png 037.png -10 5 1.000000 4350
041.png 037.png -10 5 1.500000 4444
041.png 037.png -10 5 2.000000 4060
041.png 037.png -10 10 -2.000000 3649
041.png 037.png -10 10 -1.500000 4375
041.png 037.png -10 10 -1.000000 4458
041.png 037.png -10 10 -0.500000 4132
041.png 037.png -10 10 0.000000 4198
041.png 037.png -10 10 0.500000 4318
041.png 037.png -10 10 1.000000 4429
041.png 037.png -10 10 1.500000 4140
041.png 037.png -10 10 2.000000 4124
041.png 037.png -10 15 -2.000000 3808
041.png 037.png -10 15 -1.500000 4406
041.png 037.png -10 15 -1.000000 3966
041.png 037.png -10 15 -0.500000 4080
041.png 037.png -10 15 0.000000 4099
041.png 037.png -10 15 0.500000 4244
041.png 037.png -10 15 1.000000 3942
041.png 037.png -10 15 1.500000 4016
041.png 037.png -10 15 2.000000 4233
041.png 037.png -10 20 -2.000000 3802
041.png 037.png -10 20 -1.500000 3971
041.png 037.png -10 20 -1.000000 4108
041.png 037.png -10 20 -0.500000 4179
041.png 037.png -10 20 0.000000 4103
041.png 037.png -10 20 0.500000 3921
041.png 037.png -10 20 1.000000 4038
041.png 037.png -10 20 1.500000 4227
041.png 037.png -10 20 2.000000 4236
041.png 037.png -5 -20 -2.000000 3914
041.png 037.png -5 -20 -1.500000 4102
041.png 037.png -5 -20 -1.000000 4227
041.png 037.png -5 -20 -0.500000 4170
041.png 037.png -5 -20 0.000000 3961
041.png 037.png -5 -20 0.500000 4059
041.png 037.png -5 -20 1.000000 4236
041.png 037.png -5 -20 1.500000 4227
041.png 037.png -5 -20 2.000000 3913
041.png 037.png -5 -15 -2.000000 3867
041.png 037.png -5 -15 -1.500000 4184
041.png 037.png -5 -15 -1.000000 4219
041.png 037.png -5 -15 -0.500000 3960
041.png 037.png -5 -15 0.000000 4096
041.png 037.png -5 -15 0.500000 4211
041.png 037.png -5 -15 1.000000 4175
041.png 037.png -5 -15 1.500000 4181
041.png 037.png -5 -15 2.000000 3980
041.png 037.png -5 -10 -2.000000 3888
041.png 037.png -5 -10 -1.500000 4279
041.png 037.png -5 -10 -1.000000 4203
041.png 037.png -5 -10 -0.500000 4015
041.png 037.png -5 -10 0.000000 4260
041.png 037.png -5 -10 0.500000 4167
041.png 037.png -5 -10 1.000000 4254
041.png 037.png -5 -10 1.500000 3953
041.png 037.png -5 -10 2.000000 4140
041.png 037.png -5 -5 -2.000000 3782
041.png 037.png -5 -5 -1.500000 4210
041.png 037.png -5 -5 -1.000000 3983
041.png 037.png -5 -5 -0.500000 4281
041.png 037.png -5 -5 0.000000 4236
041.png 037.png -5 -5 0.500000 4182
041.png 037.png -5 -5 1.000000 3933
041.png 037.png -5 -5 1.500000 4217
041.png 037.png -5 -5 2.000000 4287
041.png 037.png -5 0 -2.000000 3528
041.png 037.png -5 0 -1.500000 3989
041.png 037.png -5 0 -1.000000 4274
041.png 037.png -5 0 -0.500000 4278
041.png 037.png -5 0 0.000000 4178
041.png 037.png -5 0 0.500000 3966
041.png 037.png -5 0 1.000000 4265
041.png 037.png -5 0 1.500000 4275
041.png 037.png -5 0 2.000000 4273
041.png 037.png -5 5 -2.000000 3548
041.png 037.png -5 5 -1.500000 4112
041.png 037.png -5 5 -1.000000 4254
041.png 037.png -5 5 -0.500000 4244
041.png 037.png -5 5 0.000000 4171
041.png 037.png -5 5 0.500000 4244
041.png 037.png -5 5 1.000000 4429
041.png 037.png -5 5 1.500000 4490
041.png 037.png -5 5 2.000000 4168
041.png 037.png -5 10 -2.000000 3632
041.png 037.png -5 10 -1.500000 4504
